mode: set
github.com/Parth/sneks/gameserver/map.go:30.31,34.30 3 1
github.com/Parth/sneks/gameserver/map.go:38.2,40.15 3 1
github.com/Parth/sneks/gameserver/map.go:34.30,36.3 1 1
github.com/Parth/sneks/gameserver/map.go:43.57,48.70 4 1
github.com/Parth/sneks/gameserver/map.go:54.2,54.45 1 1
github.com/Parth/sneks/gameserver/map.go:48.70,52.3 2 0
github.com/Parth/sneks/gameserver/map.go:57.77,65.2 3 1
github.com/Parth/sneks/gameserver/map.go:67.42,69.2 1 1
github.com/Parth/sneks/gameserver/map.go:71.49,75.51 3 1
github.com/Parth/sneks/gameserver/map.go:79.2,79.24 1 1
github.com/Parth/sneks/gameserver/map.go:83.2,83.36 1 1
github.com/Parth/sneks/gameserver/map.go:89.2,90.52 2 1
github.com/Parth/sneks/gameserver/map.go:75.51,77.3 1 1
github.com/Parth/sneks/gameserver/map.go:79.24,81.3 1 1
github.com/Parth/sneks/gameserver/map.go:83.36,84.49 1 0
github.com/Parth/sneks/gameserver/map.go:84.49,86.4 1 0
github.com/Parth/sneks/gameserver/map.go:93.44,95.2 1 1
github.com/Parth/sneks/gameserver/map.go:97.35,102.2 3 1
github.com/Parth/sneks/gameserver/map.go:104.44,107.2 1 1
github.com/Parth/sneks/gameserver/map.go:109.42,112.2 2 1
github.com/Parth/sneks/gameserver/map.go:114.24,115.39 1 1
github.com/Parth/sneks/gameserver/map.go:115.39,116.27 1 1
github.com/Parth/sneks/gameserver/map.go:116.27,118.4 1 0
github.com/Parth/sneks/gameserver/map.go:118.9,120.4 1 1
github.com/Parth/sneks/gameserver/map.go:124.33,126.2 1 0
github.com/Parth/sneks/gameserver/snake.go:16.72,25.21 8 1
github.com/Parth/sneks/gameserver/snake.go:28.2,28.10 1 1
github.com/Parth/sneks/gameserver/snake.go:25.21,27.3 1 1
github.com/Parth/sneks/gameserver/snake.go:31.41,32.83 1 1
github.com/Parth/sneks/gameserver/snake.go:35.2,37.16 2 1
github.com/Parth/sneks/gameserver/snake.go:32.83,34.3 1 1
github.com/Parth/sneks/gameserver/snake.go:38.9,40.8 2 1
github.com/Parth/sneks/gameserver/snake.go:41.9,43.8 2 1
github.com/Parth/sneks/gameserver/snake.go:44.9,45.15 1 1
github.com/Parth/sneks/gameserver/snake.go:49.43,50.62 1 0
github.com/Parth/sneks/gameserver/snake.go:54.2,56.16 2 0
github.com/Parth/sneks/gameserver/snake.go:50.62,52.3 1 0
github.com/Parth/sneks/gameserver/snake.go:57.9,59.52 2 0
github.com/Parth/sneks/gameserver/snake.go:60.9,62.52 2 0
github.com/Parth/sneks/gameserver/snake.go:63.9,64.15 1 0
github.com/Parth/sneks/gameserver/snake.go:69.36,83.17 10 1
github.com/Parth/sneks/gameserver/snake.go:90.2,90.15 1 1
github.com/Parth/sneks/gameserver/snake.go:83.17,88.3 3 1
github.com/Parth/sneks/gameserver/snake.go:93.57,94.23 1 1
github.com/Parth/sneks/gameserver/snake.go:97.2,107.17 7 1
github.com/Parth/sneks/gameserver/snake.go:94.23,96.3 1 1
github.com/Parth/sneks/gameserver/snake.go:107.17,109.3 1 0
github.com/Parth/sneks/gameserver/snake.go:109.8,111.3 1 1
github.com/Parth/sneks/gameserver/snake.go:114.28,116.15 2 1
github.com/Parth/sneks/gameserver/snake.go:116.15,119.3 2 1
github.com/Parth/sneks/gameserver/snake.go:119.8,126.3 6 1
github.com/Parth/sneks/gameserver/snake.go:129.48,130.19 1 1
github.com/Parth/sneks/gameserver/snake.go:131.9,132.14 1 1
github.com/Parth/sneks/gameserver/snake.go:133.9,134.14 1 1
github.com/Parth/sneks/gameserver/snake.go:135.9,136.15 1 1
github.com/Parth/sneks/gameserver/snake.go:137.9,138.15 1 1
github.com/Parth/sneks/gameserver/snake.go:139.10,140.14 1 0
